C51 COMPILER V9.00   DISPLAY                                                               10/19/2020 20:50:39 PAGE 1   


C51 COMPILER V9.00, COMPILATION OF MODULE DISPLAY
OBJECT MODULE PLACED IN .\Objects\display.obj
COMPILER INVOKED BY: f:\Keil\C51\BIN\C51.EXE display.c OPTIMIZE(8,SPEED) BROWSE DEBUG OBJECTEXTEND PRINT(.\Listings\disp
                    -lay.lst) OBJECT(.\Objects\display.obj)

line level    source

   1          #include "ws2812.h"
   2          
   3          void delay(uint x)
   4          {
   5   1              while(x--);
   6   1      }
   7          
   8          void st1()
   9          {
  10   1              n0=1;
  11   1              delay(1);
  12   1              _nop_();
  13   1              _nop_();
  14   1              n0=0;   
  15   1      }
  16          void st0()
  17          {
  18   1              n0=1;
  19   1              _nop_();
  20   1              _nop_();
  21   1              n0=0;
  22   1              delay(1);
  23   1              
  24   1      }
  25          void stop()
  26          {
  27   1              delay(800);
  28   1      }


MODULE INFORMATION:   STATIC OVERLAYABLE
   CODE SIZE        =     45    ----
   CONSTANT SIZE    =   ----    ----
   XDATA SIZE       =   ----    ----
   PDATA SIZE       =   ----    ----
   DATA SIZE        =   ----    ----
   IDATA SIZE       =   ----    ----
   BIT SIZE         =   ----    ----
END OF MODULE INFORMATION.


C51 COMPILATION COMPLETE.  0 WARNING(S),  0 ERROR(S)
